<?xml version="1.0" encoding="UTF-8"?>
<!-- Generated by org.testng.reporters.JUnitReportReporter -->
<testsuite hostname="kshitiz_gupta" failures="0" tests="3" name="com.tutorialsninja.qa.testcases.SearchTest" time="12.183" errors="0" timestamp="2024-08-12T09:52:50 IST" skipped="0">
  <testcase classname="com.tutorialsninja.qa.testcases.SearchTest" name="verifySearchWithValidProduct" time="4.756"/>
  <testcase classname="com.tutorialsninja.qa.testcases.SearchTest" name="verifySearchWithInvalidProduct" time="3.745"/>
  <testcase classname="com.tutorialsninja.qa.testcases.SearchTest" name="verifySearchWithoutAnyProduct" time="3.682"/>
</testsuite> <!-- com.tutorialsninja.qa.testcases.SearchTest -->
