<?xml version="1.0" encoding="UTF-8"?>
<!-- Generated by org.testng.reporters.JUnitReportReporter -->
<testsuite hostname="kshitiz_gupta" failures="0" tests="3" name="com.tutorialsninja.qa.testcases.SearchTest" time="7.188" errors="0" timestamp="2024-08-16T15:55:23 IST" skipped="0">
  <testcase classname="com.tutorialsninja.qa.testcases.SearchTest" name="verifySearchWithValidProduct" time="2.535"/>
  <testcase classname="com.tutorialsninja.qa.testcases.SearchTest" name="verifySearchWithInvalidProduct" time="2.402"/>
  <testcase classname="com.tutorialsninja.qa.testcases.SearchTest" name="verifySearchWithoutAnyProduct" time="2.251"/>
</testsuite> <!-- com.tutorialsninja.qa.testcases.SearchTest -->
